<?xml version="1.0" encoding="UTF-8"?>
<!-- Generated by org.testng.reporters.JUnitReportReporter -->
<testsuite hostname="DESKTOP-VODBEOH" failures="0" tests="1" name="Testcases.TC_001fliplogin" time="4.429" errors="0" timestamp="2021-05-26T14:21:44 IST" skipped="0">
  <testcase classname="Testcases.TC_001fliplogin" name="Reg" time="4.429"/>
  <system-out/>
</testsuite> <!-- Testcases.TC_001fliplogin -->
